C:\USERS\NICOLAS\DESKTOP\MASTER SEMESTER PROJECT\GITHUB2\MASTER-SEMESTER-PROJECT\MANMADEOBJECTEDITOR\RELEASE\MANMADEOBJECTEDITOR.EXE
C:\USERS\NICOLAS\DESKTOP\MASTER SEMESTER PROJECT\GITHUB2\MASTER-SEMESTER-PROJECT\MANMADEOBJECTEDITOR\RELEASE\MOC_CENTRALWIDGET.CPP
C:\USERS\NICOLAS\DESKTOP\MASTER SEMESTER PROJECT\GITHUB2\MASTER-SEMESTER-PROJECT\MANMADEOBJECTEDITOR\RELEASE\MOC_FLOORANDPROFILEVIEWER.CPP
C:\USERS\NICOLAS\DESKTOP\MASTER SEMESTER PROJECT\GITHUB2\MASTER-SEMESTER-PROJECT\MANMADEOBJECTEDITOR\RELEASE\MOC_FLOORSCENE.CPP
C:\USERS\NICOLAS\DESKTOP\MASTER SEMESTER PROJECT\GITHUB2\MASTER-SEMESTER-PROJECT\MANMADEOBJECTEDITOR\RELEASE\MOC_MESH.CPP
C:\USERS\NICOLAS\DESKTOP\MASTER SEMESTER PROJECT\GITHUB2\MASTER-SEMESTER-PROJECT\MANMADEOBJECTEDITOR\RELEASE\MOC_OBJECTVIEWER.CPP
C:\USERS\NICOLAS\DESKTOP\MASTER SEMESTER PROJECT\GITHUB2\MASTER-SEMESTER-PROJECT\MANMADEOBJECTEDITOR\RELEASE\MOC_PROFILESCENE.CPP
C:\USERS\NICOLAS\DESKTOP\MASTER SEMESTER PROJECT\GITHUB2\MASTER-SEMESTER-PROJECT\MANMADEOBJECTEDITOR\WIN32\RELEASE\BASICQGRAPHICSVIEW.OBJ
C:\USERS\NICOLAS\DESKTOP\MASTER SEMESTER PROJECT\GITHUB2\MASTER-SEMESTER-PROJECT\MANMADEOBJECTEDITOR\WIN32\RELEASE\CENTRALWIDGET.OBJ
C:\Users\Nicolas\Desktop\Master semester project\GitHub2\Master-semester-project\ManMadeObjectEditor\Win32\Release\cl.command.1.tlog
C:\Users\Nicolas\Desktop\Master semester project\GitHub2\Master-semester-project\ManMadeObjectEditor\Win32\Release\CL.read.1.tlog
C:\Users\Nicolas\Desktop\Master semester project\GitHub2\Master-semester-project\ManMadeObjectEditor\Win32\Release\CL.write.1.tlog
C:\Users\Nicolas\Desktop\Master semester project\GitHub2\Master-semester-project\ManMadeObjectEditor\Win32\Release\custombuild.command.1.tlog
C:\Users\Nicolas\Desktop\Master semester project\GitHub2\Master-semester-project\ManMadeObjectEditor\Win32\Release\custombuild.read.1.tlog
C:\Users\Nicolas\Desktop\Master semester project\GitHub2\Master-semester-project\ManMadeObjectEditor\Win32\Release\custombuild.write.1.tlog
C:\USERS\NICOLAS\DESKTOP\MASTER SEMESTER PROJECT\GITHUB2\MASTER-SEMESTER-PROJECT\MANMADEOBJECTEDITOR\WIN32\RELEASE\EDGE.OBJ
C:\USERS\NICOLAS\DESKTOP\MASTER SEMESTER PROJECT\GITHUB2\MASTER-SEMESTER-PROJECT\MANMADEOBJECTEDITOR\WIN32\RELEASE\FLOORANDPROFILEVIEWER.OBJ
C:\USERS\NICOLAS\DESKTOP\MASTER SEMESTER PROJECT\GITHUB2\MASTER-SEMESTER-PROJECT\MANMADEOBJECTEDITOR\WIN32\RELEASE\FLOORPLANANDPROFILEEXTRACTOR.OBJ
C:\USERS\NICOLAS\DESKTOP\MASTER SEMESTER PROJECT\GITHUB2\MASTER-SEMESTER-PROJECT\MANMADEOBJECTEDITOR\WIN32\RELEASE\FLOORSCENE.OBJ
C:\Users\Nicolas\Desktop\Master semester project\GitHub2\Master-semester-project\ManMadeObjectEditor\Win32\Release\link.command.1.tlog
C:\Users\Nicolas\Desktop\Master semester project\GitHub2\Master-semester-project\ManMadeObjectEditor\Win32\Release\link.read.1.tlog
C:\Users\Nicolas\Desktop\Master semester project\GitHub2\Master-semester-project\ManMadeObjectEditor\Win32\Release\link.write.1.tlog
C:\USERS\NICOLAS\DESKTOP\MASTER SEMESTER PROJECT\GITHUB2\MASTER-SEMESTER-PROJECT\MANMADEOBJECTEDITOR\WIN32\RELEASE\MAIN.OBJ
C:\USERS\NICOLAS\DESKTOP\MASTER SEMESTER PROJECT\GITHUB2\MASTER-SEMESTER-PROJECT\MANMADEOBJECTEDITOR\WIN32\RELEASE\MANMADEOBJECTEDITOR.EXE.INTERMEDIATE.MANIFEST
C:\USERS\NICOLAS\DESKTOP\MASTER SEMESTER PROJECT\GITHUB2\MASTER-SEMESTER-PROJECT\MANMADEOBJECTEDITOR\WIN32\RELEASE\MESH.OBJ
C:\USERS\NICOLAS\DESKTOP\MASTER SEMESTER PROJECT\GITHUB2\MASTER-SEMESTER-PROJECT\MANMADEOBJECTEDITOR\WIN32\RELEASE\MOC_CENTRALWIDGET.OBJ
C:\USERS\NICOLAS\DESKTOP\MASTER SEMESTER PROJECT\GITHUB2\MASTER-SEMESTER-PROJECT\MANMADEOBJECTEDITOR\WIN32\RELEASE\MOC_FLOORANDPROFILEVIEWER.OBJ
C:\USERS\NICOLAS\DESKTOP\MASTER SEMESTER PROJECT\GITHUB2\MASTER-SEMESTER-PROJECT\MANMADEOBJECTEDITOR\WIN32\RELEASE\MOC_FLOORSCENE.OBJ
C:\USERS\NICOLAS\DESKTOP\MASTER SEMESTER PROJECT\GITHUB2\MASTER-SEMESTER-PROJECT\MANMADEOBJECTEDITOR\WIN32\RELEASE\MOC_MESH.OBJ
C:\USERS\NICOLAS\DESKTOP\MASTER SEMESTER PROJECT\GITHUB2\MASTER-SEMESTER-PROJECT\MANMADEOBJECTEDITOR\WIN32\RELEASE\MOC_OBJECTVIEWER.OBJ
C:\USERS\NICOLAS\DESKTOP\MASTER SEMESTER PROJECT\GITHUB2\MASTER-SEMESTER-PROJECT\MANMADEOBJECTEDITOR\WIN32\RELEASE\MOC_PROFILESCENE.OBJ
C:\Users\Nicolas\Desktop\Master semester project\GitHub2\Master-semester-project\ManMadeObjectEditor\Win32\Release\mt.command.1.tlog
C:\Users\Nicolas\Desktop\Master semester project\GitHub2\Master-semester-project\ManMadeObjectEditor\Win32\Release\mt.read.1.tlog
C:\Users\Nicolas\Desktop\Master semester project\GitHub2\Master-semester-project\ManMadeObjectEditor\Win32\Release\mt.write.1.tlog
C:\USERS\NICOLAS\DESKTOP\MASTER SEMESTER PROJECT\GITHUB2\MASTER-SEMESTER-PROJECT\MANMADEOBJECTEDITOR\WIN32\RELEASE\OBJECTVIEWER.OBJ
C:\USERS\NICOLAS\DESKTOP\MASTER SEMESTER PROJECT\GITHUB2\MASTER-SEMESTER-PROJECT\MANMADEOBJECTEDITOR\WIN32\RELEASE\PROFILE.OBJ
C:\USERS\NICOLAS\DESKTOP\MASTER SEMESTER PROJECT\GITHUB2\MASTER-SEMESTER-PROJECT\MANMADEOBJECTEDITOR\WIN32\RELEASE\PROFILEDESTRUCTORMANAGER.OBJ
C:\USERS\NICOLAS\DESKTOP\MASTER SEMESTER PROJECT\GITHUB2\MASTER-SEMESTER-PROJECT\MANMADEOBJECTEDITOR\WIN32\RELEASE\PROFILESCENE.OBJ
C:\USERS\NICOLAS\DESKTOP\MASTER SEMESTER PROJECT\GITHUB2\MASTER-SEMESTER-PROJECT\MANMADEOBJECTEDITOR\WIN32\RELEASE\UTILS.OBJ
C:\USERS\NICOLAS\DESKTOP\MASTER SEMESTER PROJECT\GITHUB2\MASTER-SEMESTER-PROJECT\MANMADEOBJECTEDITOR\WIN32\RELEASE\VC100.PDB
C:\USERS\NICOLAS\DESKTOP\MASTER SEMESTER PROJECT\GITHUB2\MASTER-SEMESTER-PROJECT\MANMADEOBJECTEDITOR\WIN32\RELEASE\VERTEX.OBJ
